Info: Start Nativelink Simulation process

========= EDA Simulation Settings =====================

Sim Mode              :  Gate
Family                :  cycloneive
Quartus root          :  c:/altera/14.1/quartus/bin64/
Quartus sim root      :  c:/altera/14.1/quartus/eda/sim_lib
Simulation Tool       :  modelsim-altera
Simulation Language   :  vhdl
Version               :  93
Simulation Mode       :  GUI
Sim Output File       :  flipflop.vho
Sim SDF file          :  flipflop__vhdl.sdo
Sim dir               :  simulation\modelsim

=======================================================

Info: Starting NativeLink simulation with ModelSim-Altera software
Sourced NativeLink script c:/altera/14.1/quartus/common/tcl/internal/nativelink/modelsim.tcl
Warning: File flipflop_run_msim_gate_vhdl.do already exists - backing up current file as flipflop_run_msim_gate_vhdl.do.bak1
Probing transcript
ModelSim-Altera Info: # Reading C:/altera/14.1/modelsim_ase/tcl/vsim/pref.tcl
ModelSim-Altera Info: # do flipflop_run_msim_gate_vhdl.do
ModelSim-Altera Info: # if {[file exists gate_work]} {
ModelSim-Altera Info: # 	vdel -lib gate_work -all
ModelSim-Altera Info: # }
ModelSim-Altera Info: # vlib gate_work
ModelSim-Altera Info: # vmap work gate_work
ModelSim-Altera Info: # Model Technology ModelSim PE vmap 10.3c Lib Mapping Utility 2014.09 Sep 20 2014
ModelSim-Altera Info: # vmap -modelsim_quiet work gate_work 
ModelSim-Altera Info: # Copying C:/altera/14.1/modelsim_ase/win32aloem/../modelsim.ini to modelsim.ini
ModelSim-Altera Info: # Modifying modelsim.ini
ModelSim-Altera Warning: # ** Warning: Copied C:/altera/14.1/modelsim_ase/win32aloem/../modelsim.ini to modelsim.ini.
ModelSim-Altera Info: #          Updated modelsim.ini.
ModelSim-Altera Info: # 
ModelSim-Altera Info: # vcom -93 -work work {flipflop.vho}
ModelSim-Altera Info: # Model Technology ModelSim ALTERA vcom 10.3c Compiler 2014.09 Sep 20 2014
ModelSim-Altera Info: # Start time: 15:34:32 on Aug 09,2018
ModelSim-Altera Info: # vcom -reportprogress 300 -93 -work work flipflop.vho 
ModelSim-Altera Info: # -- Loading package STANDARD
ModelSim-Altera Info: # -- Loading package TEXTIO
ModelSim-Altera Info: # -- Loading package std_logic_1164
ModelSim-Altera Info: # -- Loading package VITAL_Timing
ModelSim-Altera Info: # -- Loading package VITAL_Primitives
ModelSim-Altera Info: # -- Loading package cycloneive_atom_pack
ModelSim-Altera Info: # -- Loading package cycloneive_components
ModelSim-Altera Info: # -- Compiling entity ff_D_MS
ModelSim-Altera Info: # -- Compiling architecture structure of ff_D_MS
ModelSim-Altera Info: # End time: 15:34:33 on Aug 09,2018, Elapsed time: 0:00:01
ModelSim-Altera Info: # Errors: 0, Warnings: 0
ModelSim-Altera Info: # 
ModelSim-Altera Info: vsim work.ff_d_ms
ModelSim-Altera Info: # vsim -gui -l msim_transcript -do "flipflop_run_msim_gate_vhdl.do" 
ModelSim-Altera Info: # Start time: 15:34:36 on Aug 09,2018
ModelSim-Altera Info: # Loading std.standard
ModelSim-Altera Info: # Loading std.textio(body)
ModelSim-Altera Info: # Loading ieee.std_logic_1164(body)
ModelSim-Altera Info: # Loading ieee.vital_timing(body)
ModelSim-Altera Info: # Loading ieee.vital_primitives(body)
ModelSim-Altera Info: # Loading cycloneive.cycloneive_atom_pack(body)
ModelSim-Altera Info: # Loading cycloneive.cycloneive_components
ModelSim-Altera Info: # Loading work.ff_d_ms(structure)
ModelSim-Altera Info: # Loading ieee.std_logic_arith(body)
ModelSim-Altera Info: # Loading cycloneive.cycloneive_io_obuf(arch)
ModelSim-Altera Info: # Loading cycloneive.cycloneive_io_ibuf(arch)
ModelSim-Altera Info: # Loading cycloneive.cycloneive_clkctrl(vital_clkctrl)
ModelSim-Altera Info: # Loading cycloneive.cycloneive_ena_reg(behave)
ModelSim-Altera Info: # Loading cycloneive.cycloneive_lcell_comb(vital_lcell_comb)
ModelSim-Altera Info: add wave -position end  sim:/ff_d_ms/Clock
ModelSim-Altera Warning: # ** Warning: (vsim-WLF-5000) WLF file currently in use: vsim.wlf
ModelSim-Altera Info: # 
ModelSim-Altera Info: #           File in use by: 4482145  Hostname: 6-306-13  ProcessID: 6776
ModelSim-Altera Info: # 
ModelSim-Altera Info: #           Attempting to use alternate WLF file "./wlftg2j0ce".
ModelSim-Altera Warning: # ** Warning: (vsim-WLF-5001) Could not open WLF file: vsim.wlf
ModelSim-Altera Info: # 
ModelSim-Altera Info: #           Using alternate file: ./wlftg2j0ce
ModelSim-Altera Info: # 
ModelSim-Altera Info: add wave -position end  sim:/ff_d_ms/D
ModelSim-Altera Info: add wave -position end  sim:/ff_d_ms/Qm
ModelSim-Altera Info: add wave -position end  sim:/ff_d_ms/Qs
ModelSim-Altera Info: add wave -position end  sim:/ff_d_ms/Clock
ModelSim-Altera Info: noforce sim:/ff_d_ms/Clock
ModelSim-Altera Info: noforce sim:/ff_d_ms/D
ModelSim-Altera Info: force -freeze sim:/ff_d_ms/Clock 1 0, 0 {50 ps} -r 100
ModelSim-Altera Info: noforce sim:/ff_d_ms/D
ModelSim-Altera Info: force -freeze sim:/ff_d_ms/D 0 0, 1 {25 ps} -r 50
ModelSim-Altera Info: run
ModelSim-Altera Info: run
ModelSim-Altera Info: restart -f
ModelSim-Altera Info: noforce sim:/ff_d_ms/Clock
ModelSim-Altera Info: noforce sim:/ff_d_ms/D
ModelSim-Altera Info: force -freeze sim:/ff_d_ms/Clock 1 0, 0 {50 ps} -r 100
ModelSim-Altera Info: force -freeze sim:/ff_d_ms/D 0 0, 1 {40 ps} -r 80
ModelSim-Altera Info: run
ModelSim-Altera Info: # GetModuleFileName: Não foi possível encontrar o módulo especificado.
ModelSim-Altera Info: # 
ModelSim-Altera Info: # 
ModelSim-Altera Info: run
ModelSim-Altera Info: run
ModelSim-Altera Info: run
ModelSim-Altera Info: run
ModelSim-Altera Info: run
ModelSim-Altera Info: # End time: 15:47:33 on Aug 09,2018, Elapsed time: 0:12:57
ModelSim-Altera Info: # Errors: 0, Warnings: 2
Info: NativeLink simulation flow was successful
